2010-03-30 10:45:08
-------------------
(live transaction) --> https://api-3t.paypal.com/nvp
Request Headers: 
Array
(
    [0] => Content-Type: text/namevalue
    [1] => X-VPS-Timeout: 45
    [2] => X-VPS-VIT-Client-Type: PHP/cURL
    [3] => X-VPS-VIT-Integration-Product: PHP::Zen Cart - WPP-NVP
    [4] => X-VPS-VIT-Integration-Version: 1.3.8a
)


Request Parameters: {DoExpressCheckoutPayment} 
Array
(
    [ITEMAMT] => 723.00
    [SHIPPINGAMT] => 78.00
    [AMT] => 801.00
    [L_NUMBER0] => A1112
    [L_QTY0] => 1
    [L_NAME0] => Chanel 2.55 Double Flap Gold Hardware Black
    [L_AMT0] => 241.00
    [L_TAXAMT0] => 0.00
    [L_NUMBER1] => 6272black witeh letters
    [L_QTY1] => 1
    [L_NAME1] => Chanel 6272-black witeh letters
    [L_AMT1] => 230.00
    [L_TAXAMT1] => 0.00
    [L_NUMBER2] => 35292-Black
    [L_QTY2] => 1
    [L_NAME2] => Chanel Modern Flap Bag Black 35292
    [L_AMT2] => 252.00
    [L_TAXAMT2] => 0.00
    [BUTTONSOURCE] => ZenCart-EC_us
    [TOKEN] => 
    [PAYERID] => 
    [PAYMENTACTION] => Sale
    [NOTIFYURL] => http://192.168.0.191/ugg/ipn_main_handler.php
    [METHOD] => DoExpressCheckoutPayment
    [CURRENCYCODE] => GBP
    [VERSION] => 3.2
)


Response: 
Array
(
    [TIMESTAMP] => 2010-03-30T10:45:45Z
    [CORRELATIONID] => 2dfca7b37a81e
    [ACK] => Failure
    [VERSION] => 3.2
    [BUILD] => 1244696
    [L_ERRORCODE0] => 10002
    [L_SHORTMESSAGE0] => Authentication/Authorization Failed
    [L_LONGMESSAGE0] => You do not have permissions to make this API call
    [L_SEVERITYCODE0] => Error
    [CURL_ERRORS] => 
)


DoExpressCheckoutPayment, Elapsed: 2258ms -- Failure

TIMESTAMP=2010%2d03%2d30T10%3a45%3a45Z&CORRELATIONID=2dfca7b37a81e&ACK=Failure&VERSION=3%2e2&BUILD=1244696&L_ERRORCODE0=10002&L_SHORTMESSAGE0=Authentication%2fAuthorization%20Failed&L_LONGMESSAGE0=You%20do%20not%20have%20permissions%20to%20make%20this%20API%20call&L_SEVERITYCODE0=Error&CURL_ERRORS=

