2010-03-31 07:14:08
-------------------
(live transaction) --> https://api-3t.paypal.com/nvp
Request Headers: 
Array
(
    [0] => Content-Type: text/namevalue
    [1] => X-VPS-Timeout: 45
    [2] => X-VPS-VIT-Client-Type: PHP/cURL
    [3] => X-VPS-VIT-Integration-Product: PHP::Zen Cart - WPP-NVP
    [4] => X-VPS-VIT-Integration-Version: 1.3.8a
)


Request Parameters: {SetExpressCheckout} 
Array
(
    [LOCALECODE] => US
    [PAYMENTACTION] => Sale
    [AMT] => 392.83
    [RETURNURL] => http://192.168.0.191/ugg/ipn_main_handler.php?type=ec
    [CANCELURL] => http://192.168.0.191/ugg/index.php?main_page=login&amp;ec_cancel=1
    [PAGESTYLE] => Primary
    [METHOD] => SetExpressCheckout
    [CURRENCYCODE] => USD
    [VERSION] => 3.2
)


Response: 
Array
(
    [TIMESTAMP] => 2010-03-31T07:14:23Z
    [CORRELATIONID] => 415310d35e389
    [ACK] => Failure
    [VERSION] => 3.2
    [BUILD] => 1247606
    [L_ERRORCODE0] => 10002
    [L_SHORTMESSAGE0] => Authentication/Authorization Failed
    [L_LONGMESSAGE0] => You do not have permissions to make this API call
    [L_SEVERITYCODE0] => Error
    [CURL_ERRORS] => 
)


SetExpressCheckout, Elapsed: 7085ms -- Failure

TIMESTAMP=2010%2d03%2d31T07%3a14%3a23Z&CORRELATIONID=415310d35e389&ACK=Failure&VERSION=3%2e2&BUILD=1247606&L_ERRORCODE0=10002&L_SHORTMESSAGE0=Authentication%2fAuthorization%20Failed&L_LONGMESSAGE0=You%20do%20not%20have%20permissions%20to%20make%20this%20API%20call&L_SEVERITYCODE0=Error&CURL_ERRORS=

