2010-04-07 02:17:09
-------------------
(live transaction) --> https://api-3t.paypal.com/nvp
Request Headers: 
Array
(
    [0] => Content-Type: text/namevalue
    [1] => X-VPS-Timeout: 45
    [2] => X-VPS-VIT-Client-Type: PHP/cURL
    [3] => X-VPS-VIT-Integration-Product: PHP::Zen Cart - WPP-NVP
    [4] => X-VPS-VIT-Integration-Version: 1.3.8a
)


Request Parameters: {DoExpressCheckoutPayment} 
Array
(
    [ITEMAMT] => 678.00
    [SHIPPINGAMT] => 0.00
    [AMT] => 678.00
    [L_NUMBER0] => 35968black
    [L_QTY0] => 1
    [L_NAME0] => Chanel Flap Bag in Canvas black
    [L_AMT0] => 229.00
    [L_TAXAMT0] => 0.00
    [L_NUMBER1] => A6041
    [L_QTY1] => 1
    [L_NAME1] => CHANEL Coco Cabas Metallic White
    [L_AMT1] => 263.00
    [L_TAXAMT1] => 0.00
    [L_NUMBER2] => C0164-BBS
    [L_QTY2] => 1
    [L_NAME2] => Chanel Wallet Black Black Shine C0164
    [L_AMT2] => 186.00
    [L_TAXAMT2] => 0.00
    [BUTTONSOURCE] => ZenCart-EC_us
    [TOKEN] => 
    [PAYERID] => 
    [PAYMENTACTION] => Sale
    [NOTIFYURL] => http://192.168.0.192:8015/ipn_main_handler.php
    [METHOD] => DoExpressCheckoutPayment
    [CURRENCYCODE] => USD
    [VERSION] => 3.2
)


Response: 
Array
(
    [TIMESTAMP] => 2010-04-07T02:17:08Z
    [CORRELATIONID] => f0bc5d4a71d3c
    [ACK] => Failure
    [VERSION] => 3.2
    [BUILD] => 1252565
    [L_ERRORCODE0] => 10002
    [L_SHORTMESSAGE0] => Authentication/Authorization Failed
    [L_LONGMESSAGE0] => You do not have permissions to make this API call
    [L_SEVERITYCODE0] => Error
    [CURL_ERRORS] => 
)


DoExpressCheckoutPayment, Elapsed: 1590ms -- Failure

TIMESTAMP=2010%2d04%2d07T02%3a17%3a08Z&CORRELATIONID=f0bc5d4a71d3c&ACK=Failure&VERSION=3%2e2&BUILD=1252565&L_ERRORCODE0=10002&L_SHORTMESSAGE0=Authentication%2fAuthorization%20Failed&L_LONGMESSAGE0=You%20do%20not%20have%20permissions%20to%20make%20this%20API%20call&L_SEVERITYCODE0=Error&CURL_ERRORS=

